0 info it worked if it ends with ok
1 verbose cli [ 'D:\\Program Files\\nodejs\\node.exe',
1 verbose cli   'D:\\Program Files\\nodejs\\node_modules\\npm\\bin\\npm-cli.js',
1 verbose cli   'start' ]
2 info using npm@4.1.2
3 info using node@v7.7.3
4 verbose run-script [ 'prestart', 'start', 'poststart' ]
5 info lifecycle ntask@1.0.0~prestart: ntask@1.0.0
6 silly lifecycle ntask@1.0.0~prestart: no script for prestart, continuing
7 info lifecycle ntask@1.0.0~start: ntask@1.0.0
8 verbose lifecycle ntask@1.0.0~start: unsafe-perm in lifecycle true
9 verbose lifecycle ntask@1.0.0~start: PATH: D:\Program Files\nodejs\node_modules\npm\bin\node-gyp-bin;D:\nodejs\ntask\node_modules\.bin;C:\Program Files (x86)\NVIDIA Corporation\PhysX\Common;C:\ProgramData\Oracle\Java\javapath;C:\Windows\system32;C:\Windows;C:\Windows\System32\Wbem;C:\Windows\System32\WindowsPowerShell\v1.0\;D:\Program Files\Cloud Foundry;C:\Program Files (x86)\Windows Kits\8.1\Windows Performance Toolkit\;D:\Downloads\apr-1.5.2-win32-src\apr-1.5.2;C:\Program Files\Java\jdk1.8.0_121;C:\Program Files\Apache Software Foundation\apache-tomcat-8.0.36\bin;C:\Program Files\Java\jdk1.8.0_121\bin;D:\Program Files\nodejs\;D:\Program Files\Git\cmd;C:\Program Files (x86)\Skype\Phone\;D:\Downloads\sdk-tools-windows-3859397\platforms;D:\Downloads\sdk-tools-windows-3859397\tools;D:\Downloads\sdk-tools-windows-3859397\tools\bin;D:\Gradle\bin;D:\Downloads\sdk-tools-windows-3859397\platform-tools;D:\Ruby23-x64\bin;C:\Users\Gabriel Brogni Zacca\AppData\Local\Microsoft\WindowsApps;C:\Users\Gabriel Brogni Zacca\AppData\Roaming\npm
10 verbose lifecycle ntask@1.0.0~start: CWD: D:\nodejs\ntask
11 silly lifecycle ntask@1.0.0~start: Args: [ '/d /s /c', 'node index.js' ]
12 silly lifecycle ntask@1.0.0~start: Returned: code: 1  signal: null
13 info lifecycle ntask@1.0.0~start: Failed to exec start script
14 verbose stack Error: ntask@1.0.0 start: `node index.js`
14 verbose stack Exit status 1
14 verbose stack     at EventEmitter.<anonymous> (D:\Program Files\nodejs\node_modules\npm\lib\utils\lifecycle.js:279:16)
14 verbose stack     at emitTwo (events.js:106:13)
14 verbose stack     at EventEmitter.emit (events.js:194:7)
14 verbose stack     at ChildProcess.<anonymous> (D:\Program Files\nodejs\node_modules\npm\lib\utils\spawn.js:40:14)
14 verbose stack     at emitTwo (events.js:106:13)
14 verbose stack     at ChildProcess.emit (events.js:194:7)
14 verbose stack     at maybeClose (internal/child_process.js:899:16)
14 verbose stack     at Process.ChildProcess._handle.onexit (internal/child_process.js:226:5)
15 verbose pkgid ntask@1.0.0
16 verbose cwd D:\nodejs\ntask
17 error Windows_NT 10.0.14393
18 error argv "D:\\Program Files\\nodejs\\node.exe" "D:\\Program Files\\nodejs\\node_modules\\npm\\bin\\npm-cli.js" "start"
19 error node v7.7.3
20 error npm  v4.1.2
21 error code ELIFECYCLE
22 error ntask@1.0.0 start: `node index.js`
22 error Exit status 1
23 error Failed at the ntask@1.0.0 start script 'node index.js'.
23 error Make sure you have the latest version of node.js and npm installed.
23 error If you do, this is most likely a problem with the ntask package,
23 error not with npm itself.
23 error Tell the author that this fails on your system:
23 error     node index.js
23 error You can get information on how to open an issue for this project with:
23 error     npm bugs ntask
23 error Or if that isn't available, you can get their info via:
23 error     npm owner ls ntask
23 error There is likely additional logging output above.
24 verbose exit [ 1, true ]
